<?xml version="1.0" encoding="UTF-8" ?>
<testsuite tests="21" failures="0" name="io.connexa.qa.tests.RunCukesTest" time="2.708" errors="0" skipped="2">
  <properties>
[...]
</properties>
  <testcase classname="Scenario: Invalid Conditions" name="Given the user is on Create New Event Page" time="0.004"/>
  <testcase classname="Scenario: Invalid Conditions" name="When he enters &quot; &quot; as event name" time="0"/>
  <testcase classname="Scenario: Invalid Conditions" name="And he enters &quot; &quot; as short description" time="0"/>
  <testcase classname="Scenario: Invalid Conditions" name="And he enters &quot; &quot; as start date" time="0"/>
  <testcase classname="Scenario: Invalid Conditions" name="And he enters &quot; &quot; as start hour" time="0"/>
  <testcase classname="Scenario: Invalid Conditions" name="And he enters &quot; &quot; as end date" time="0"/>
  <testcase classname="Scenario: Invalid Conditions" name="And he enters &quot; &quot; as end hour" time="0"/>
  <testcase classname="Scenario: Invalid Conditions" name="And he clicks Save Button for Event Creation" time="0"/>
  <testcase classname="Scenario: Invalid Conditions" name="Then ensure an error &quot;can&apos;t be blank&quot; message is displayed" time="0">
    <skipped/>
  </testcase>
  <testcase classname="Scenario: Invalid Conditions" name="Scenario: Invalid Conditions" time="1.001">
    <skipped/>
  </testcase>
  <testcase classname="Scenario: Invalid Conditions" name="Scenario: Invalid Conditions" time="1.001"/>
  <testcase classname="Scenario: Create a New Event" name="Given the user is on Create New Event Page" time="0"/>
  <testcase classname="Scenario: Create a New Event" name="When he enters &quot;Automated Event&quot; as event name" time="0"/>
  <testcase classname="Scenario: Create a New Event" name="And he enters &quot;Automated Event Short Description&quot; as short description" time="0"/>
  <testcase classname="Scenario: Create a New Event" name="And he enters &quot;YYYY/MM/DD&quot; as start date" time="0"/>
  <testcase classname="Scenario: Create a New Event" name="And he enters &quot;HH:MM&quot; as start hour" time="0"/>
  <testcase classname="Scenario: Create a New Event" name="And he enters &quot;YYYY/MM/DD&quot; as end date" time="0"/>
  <testcase classname="Scenario: Create a New Event" name="And he enters &quot;HH:MM&quot; as end hour" time="0"/>
  <testcase classname="Scenario: Create a New Event" name="And he clicks Save Button for Event Creation" time="0"/>
  <testcase classname="Scenario: Create a New Event" name="Then ensure the event is created" time="0"/>
  <testcase classname="Scenario: Create a New Event" name="Scenario: Create a New Event" time="0.702"/>
</testsuite>