<?xml version="1.0" encoding="UTF-8"?><testsuite failures="0" name="cucumber.runtime.formatter.JUnitFormatter" skipped="1" tests="2" time="47.811448">
<testcase classname="User Creates a new Event As a Community Member" name="Invalid Conditions" time="25.348869">
<skipped><![CDATA[Given the user is on Create New Event Page..................................passed
When he enters " " as event name............................................passed
And he enters " " as short description......................................passed
And he enters " " as start date.............................................passed
And he enters " " as start hour.............................................passed
And he enters " " as end date...............................................passed
And he enters " " as end hour...............................................passed
And he clicks Save Button for Event Creation................................passed
Then ensure an error "can't be blank" message is displayed..................undefined
]]></skipped>
</testcase>
<testcase classname="User Creates a new Event As a Community Member" name="Create a New Event" time="22.462579">
<system-out><![CDATA[Given the user is on Create New Event Page..................................passed
When he enters "Automated Event" as event name..............................passed
And he enters "Automated Event Short Description" as short description......passed
And he enters "YYYY/MM/DD" as start date....................................passed
And he enters "HH:MM" as start hour.........................................passed
And he enters "YYYY/MM/DD" as end date......................................passed
And he enters "HH:MM" as end hour...........................................passed
And he clicks Save Button for Event Creation................................passed
Then ensure the event is created............................................passed
]]></system-out>
</testcase>
</testsuite>
